Arguments: 
  /usr/local/bin/node /usr/local/bin/yarnpkg install

PATH: 
  /usr/local/bin:/usr/bin:/bin:/usr/sbin:/sbin:/Pritish/flutter/bin

Yarn version: 
  1.15.2

Node version: 
  10.15.3

Platform: 
  darwin x64

Trace: 
  Error: https://registry.yarnpkg.com/react-native-branch/-/react-native-branch-2.2.5.tgz: unexpected end of file
      at Zlib.zlibOnError [as onerror] (zlib.js:154:17)

npm manifest: 
  {
    "main": "node_modules/expo/AppEntry.js",
    "scripts": {
      "start": "expo start",
      "android": "expo start --android",
      "ios": "expo start --ios",
      "web": "expo start --web",
      "eject": "expo eject"
    },
    "dependencies": {
      "expo": "^33.0.0",
      "react": "16.8.3",
      "react-dom": "^16.8.6",
      "react-native": "https://github.com/expo/react-native/archive/sdk-33.0.0.tar.gz",
      "react-native-web": "^0.11.4"
    },
    "devDependencies": {
      "babel-preset-expo": "^5.1.1"
    },
    "private": true
  }

yarn manifest: 
  No manifest

Lockfile: 
  No lockfile
